\BOOKMARK [1][-]{section.1}{\376\377\170\024\172\166\166\356\166\204}{}% 1
\BOOKMARK [1][-]{section.2}{\376\377\164\006\213\272\122\006\147\220}{}% 2
\BOOKMARK [2][-]{subsection.2.1}{\376\377\232\154\134\024\171\321\131\053\224\376}{section.2}% 3
\BOOKMARK [2][-]{subsection.2.2}{\376\377\217\154\171\373\151\202\163\207\167\351\226\065}{section.2}% 4
\BOOKMARK [2][-]{subsection.2.3}{\376\377\162\266\140\001\122\006\136\003}{section.2}% 5
\BOOKMARK [1][-]{section.3}{\376\377\172\013\136\217\166\204\133\236\163\260}{}% 6
\BOOKMARK [2][-]{subsection.3.1}{\376\377\176\337\213\241\153\114\146\362}{section.3}% 7
\BOOKMARK [3][-]{subsubsection.3.1.1}{\376\377\176\337\213\241\173\126\165\145}{subsection.3.1}% 8
\BOOKMARK [3][-]{subsubsection.3.1.2}{\376\377\176\337\213\241\145\160\143\156\176\323\147\204}{subsection.3.1}% 9
\BOOKMARK [3][-]{subsubsection.3.1.3}{\376\377\116\000\116\052\117\213\133\120}{subsection.3.1}% 10
\BOOKMARK [2][-]{subsection.3.2}{\376\377\165\037\142\020\226\217\147\072\227\363\116\120}{section.3}% 11
\BOOKMARK [3][-]{subsubsection.3.2.1}{\376\377\165\037\142\020\173\126\165\145}{subsection.3.2}% 12
\BOOKMARK [3][-]{subsubsection.3.2.2}{\376\377\220\177\121\115\124\214\123\237\146\362\217\307\116\216\166\370\117\074\166\204\145\271\154\325}{subsection.3.2}% 13
\BOOKMARK [3][-]{subsubsection.3.2.3}{\376\377\220\177\121\115\145\066\145\133\116\216\151\202\163\207\133\306\136\246}{subsection.3.2}% 14
\BOOKMARK [3][-]{subsubsection.3.2.4}{\376\377\116\000\116\052\117\213\133\120}{subsection.3.2}% 15
\BOOKMARK [2][-]{subsection.3.3}{\376\377\172\013\136\217\116\343\170\001}{section.3}% 16
\BOOKMARK [1][-]{section.4}{\376\377\172\013\136\217\176\323\147\234}{}% 17
\BOOKMARK [2][-]{subsection.4.1}{\376\377\176\257\232\154\134\024\171\321\131\053\217\307\172\013\166\204\176\323\147\234}{section.4}% 18
\BOOKMARK [2][-]{subsection.4.2}{\376\377\116\214\226\066\232\154\134\024\171\321\131\053\176\323\147\234}{section.4}% 19
\BOOKMARK [2][-]{subsection.4.3}{\376\377\145\071\123\330\124\016\232\154\134\024\171\321\131\053\166\204\176\323\147\234}{section.4}% 20
\BOOKMARK [2][-]{subsection.4.4}{\376\377\124\010\136\166\217\154\171\373\167\351\226\065\124\016\166\204\176\323\147\234}{section.4}% 21
\BOOKMARK [2][-]{subsection.4.5}{\376\377\116\000\116\233\213\250\213\272}{section.4}% 22
\BOOKMARK [3][-]{subsubsection.4.5.1}{\376\377\145\366\120\074\133\371\165\037\142\020\176\323\147\234\166\204\137\161\124\315}{subsection.4.5}% 23
\BOOKMARK [3][-]{subsubsection.4.5.2}{\376\377\134\017\202\202\000\050\217\173\221\315\227\363\000\051\133\371\165\037\142\020\176\323\147\234\166\204\137\161\124\315}{subsection.4.5}% 24
\BOOKMARK [3][-]{subsubsection.4.5.3}{\376\377\221\315\131\015\140\047\124\214\226\217\147\072\140\047}{subsection.4.5}% 25
\BOOKMARK [3][-]{subsubsection.4.5.4}{\376\377\145\071\123\330\232\154\134\024\171\321\131\053\217\307\172\013\220\040\142\020\166\204\137\161\124\315}{subsection.4.5}% 26
\BOOKMARK [3][-]{subsubsection.4.5.5}{\376\377\116\214\226\066\232\154\134\024\171\321\131\053\124\214\116\000\226\066\232\154\134\024\171\321\131\053\152\041\127\213}{subsection.4.5}% 27
\BOOKMARK [3][-]{subsubsection.4.5.6}{\376\377\116\316\227\363\226\066\122\060\124\214\137\046}{subsection.4.5}% 28
\BOOKMARK [3][-]{subsubsection.4.5.7}{\376\377\124\010\136\166\116\015\124\014\217\154\171\373\167\351\226\065\166\204\176\323\147\234}{subsection.4.5}% 29
\BOOKMARK [1][-]{section.5}{\376\377\140\073\176\323}{}% 30
\BOOKMARK [1][-]{section.6}{\376\377\134\017\176\304\122\006\135\345}{}% 31
\BOOKMARK [1][-]{appendix.a.A}{\376\377\000m\000a\000t\000l\000a\000b\217\320\210\114\172\013\136\217}{}% 32
\BOOKMARK [2][-]{subsection.a.A.1}{\376\377\116\343\170\001\177\121\127\100}{appendix.a.A}% 33
\BOOKMARK [2][-]{subsection.a.A.2}{\376\377\000r\000e\000a\000d\000e\000r\121\375\145\160}{appendix.a.A}% 34
\BOOKMARK [2][-]{subsection.a.A.3}{\376\377\000p\000r\000i\000n\000t\000e\000r\121\375\145\160}{appendix.a.A}% 35
\BOOKMARK [2][-]{subsection.a.A.4}{\376\377\000p\000r\000i\000n\000t\000e\000r\121\375\145\160}{appendix.a.A}% 36
\BOOKMARK [2][-]{subsection.a.A.5}{\376\377\000m\000a\000i\000n\121\375\145\160}{appendix.a.A}% 37
